2020-11-01T18:30:12.014Z [my-bank-api] info: GET /accounts [
  {
    "lastModified": "2020-11-01T18:29:58.683Z",
    "_id": "5f9ed7628ae7e94b588eb37d",
    "agencia": 10,
    "conta": 1001,
    "name": "Maria Roberta Fernandes",
    "balance": 587
  },
  {
    "lastModified": "2020-11-01T18:29:58.683Z",
    "_id": "5f9ed7628ae7e94b588eb37e",
    "agencia": 10,
    "conta": 1002,
    "name": "Gustavo Falcao Oliveira",
    "balance": 396
  },
  {
    "lastModified": "2020-11-01T18:29:58.683Z",
    "_id": "5f9ed7628ae7e94b588eb37f",
    "agencia": 10,
    "conta": 1003,
    "name": "Fernando Carlos Silva",
    "balance": 500
  },
  {
    "lastModified": "2020-11-01T18:29:58.683Z",
    "_id": "5f9ed7628ae7e94b588eb380",
    "agencia": 10,
    "conta": 1004,
    "name": "Aline Batista Bernardes",
    "balance": 321
  },
  {
    "lastModified": "2020-11-01T18:29:58.683Z",
    "_id": "5f9ed7628ae7e94b588eb381",
    "agencia": 10,
    "conta": 1005,
    "name": "Ivo Jose da Costa",
    "balance": 987
  },
  {
    "lastModified": "2020-11-01T18:29:58.683Z",
    "_id": "5f9ed7628ae7e94b588eb382",
    "agencia": 10,
    "conta": 1006,
    "name": "Carlos Eduardo Lino",
    "balance": 3
  },
  {
    "lastModified": "2020-11-01T18:29:58.683Z",
    "_id": "5f9ed7628ae7e94b588eb383",
    "agencia": 10,
    "conta": 1007,
    "name": "Henrique Santos Ferreira",
    "balance": 505
  },
  {
    "lastModified": "2020-11-01T18:29:58.683Z",
    "_id": "5f9ed7628ae7e94b588eb384",
    "agencia": 10,
    "conta": 1008,
    "name": "Priscila Alves da Cunha",
    "balance": 1
  },
  {
    "lastModified": "2020-11-01T18:29:58.683Z",
    "_id": "5f9ed7628ae7e94b588eb385",
    "agencia": 10,
    "conta": 1009,
    "name": "Luis Eduardo Nunes",
    "balance": 658
  },
  {
    "lastModified": "2020-11-01T18:29:58.683Z",
    "_id": "5f9ed7628ae7e94b588eb386",
    "agencia": 10,
    "conta": 1010,
    "name": "Silvana Souto Costa",
    "balance": 1023
  },
  {
    "lastModified": "2020-11-01T18:29:58.683Z",
    "_id": "5f9ed7628ae7e94b588eb387",
    "agencia": 10,
    "conta": 1011,
    "name": "Julia Maria Alves",
    "balance": 985
  },
  {
    "lastModified": "2020-11-01T18:29:58.683Z",
    "_id": "5f9ed7628ae7e94b588eb388",
    "agencia": 10,
    "conta": 1012,
    "name": "Bernardo Almeida Alves",
    "balance": 842
  },
  {
    "lastModified": "2020-11-01T18:29:58.683Z",
    "_id": "5f9ed7628ae7e94b588eb389",
    "agencia": 10,
    "conta": 1013,
    "name": "Lucas Andrade Barbosa",
    "balance": 753
  },
  {
    "lastModified": "2020-11-01T18:29:58.683Z",
    "_id": "5f9ed7628ae7e94b588eb38a",
    "agencia": 10,
    "conta": 1014,
    "name": "Fernanda Barbosa Ferreira",
    "balance": 951
  },
  {
    "lastModified": "2020-11-01T18:29:58.683Z",
    "_id": "5f9ed7628ae7e94b588eb38b",
    "agencia": 10,
    "conta": 1015,
    "name": "Caroline Aparecida da Cunha",
    "balance": 126
  },
  {
    "lastModified": "2020-11-01T18:29:58.683Z",
    "_id": "5f9ed7628ae7e94b588eb38c",
    "agencia": 10,
    "conta": 1016,
    "name": "Ivo Barros",
    "balance": 324
  },
  {
    "lastModified": "2020-11-01T18:29:58.683Z",
    "_id": "5f9ed7628ae7e94b588eb38d",
    "agencia": 10,
    "conta": 1017,
    "name": "Augusto Batista",
    "balance": 168
  },
  {
    "lastModified": "2020-11-01T18:29:58.683Z",
    "_id": "5f9ed7628ae7e94b588eb38e",
    "agencia": 10,
    "conta": 1018,
    "name": "Vania Borges Moreira",
    "balance": 1134
  },
  {
    "lastModified": "2020-11-01T18:29:58.683Z",
    "_id": "5f9ed7628ae7e94b588eb38f",
    "agencia": 10,
    "conta": 1019,
    "name": "Valdete Macedo Souto",
    "balance": 426
  },
  {
    "lastModified": "2020-11-01T18:29:58.683Z",
    "_id": "5f9ed7628ae7e94b588eb390",
    "agencia": 10,
    "conta": 1020,
    "name": "Jose Luis Borges",
    "balance": 153
  },
  {
    "lastModified": "2020-11-01T18:29:58.683Z",
    "_id": "5f9ed7628ae7e94b588eb391",
    "agencia": 10,
    "conta": 1021,
    "name": "Marcelo Campos",
    "balance": 854
  },
  {
    "lastModified": "2020-11-01T18:29:58.683Z",
    "_id": "5f9ed7628ae7e94b588eb392",
    "agencia": 10,
    "conta": 1022,
    "name": "Pedro Augusto Cardoso",
    "balance": 651
  },
  {
    "lastModified": "2020-11-01T18:29:58.683Z",
    "_id": "5f9ed7628ae7e94b588eb393",
    "agencia": 10,
    "conta": 1023,
    "name": "Brena Martinho Carvalho ",
    "balance": 358
  },
  {
    "lastModified": "2020-11-01T18:29:58.683Z",
    "_id": "5f9ed7628ae7e94b588eb394",
    "agencia": 10,
    "conta": 1024,
    "name": "Pedro Castro",
    "balance": 1985
  },
  {
    "lastModified": "2020-11-01T18:29:58.683Z",
    "_id": "5f9ed7628ae7e94b588eb395",
    "agencia": 10,
    "conta": 1025,
    "name": "Camila Santini Costa",
    "balance": 1874
  },
  {
    "lastModified": "2020-11-01T18:29:58.683Z",
    "_id": "5f9ed7628ae7e94b588eb396",
    "agencia": 10,
    "conta": 1026,
    "name": "Alessandra Albergaria Dias",
    "balance": 1254
  },
  {
    "lastModified": "2020-11-01T18:29:58.683Z",
    "_id": "5f9ed7628ae7e94b588eb397",
    "agencia": 99,
    "conta": 1027,
    "name": "Giovanna Silva Dias",
    "balance": 9852
  },
  {
    "lastModified": "2020-11-01T18:29:58.683Z",
    "_id": "5f9ed7628ae7e94b588eb398",
    "agencia": 10,
    "conta": 1028,
    "name": "Maria Fernanda Gomes",
    "balance": 45
  },
  {
    "lastModified": "2020-11-01T18:29:58.683Z",
    "_id": "5f9ed7628ae7e94b588eb399",
    "agencia": 10,
    "conta": 1029,
    "name": "Maria Luiza Nunes",
    "balance": 658
  },
  {
    "lastModified": "2020-11-01T18:29:58.683Z",
    "_id": "5f9ed7628ae7e94b588eb39a",
    "agencia": 10,
    "conta": 1030,
    "name": "Luiza Duarte",
    "balance": 452
  },
  {
    "lastModified": "2020-11-01T18:29:58.683Z",
    "_id": "5f9ed7628ae7e94b588eb39b",
    "agencia": 25,
    "conta": 3001,
    "name": "Roberta Nunes",
    "balance": 458
  },
  {
    "lastModified": "2020-11-01T18:29:58.683Z",
    "_id": "5f9ed7628ae7e94b588eb39c",
    "agencia": 25,
    "conta": 3002,
    "name": "Roberta Miranda",
    "balance": 985
  },
  {
    "lastModified": "2020-11-01T18:29:58.683Z",
    "_id": "5f9ed7628ae7e94b588eb39d",
    "agencia": 99,
    "conta": 3003,
    "name": "Guilherme Zanin Freitas",
    "balance": 3265
  },
  {
    "lastModified": "2020-11-01T18:29:58.683Z",
    "_id": "5f9ed7628ae7e94b588eb39e",
    "agencia": 25,
    "conta": 3004,
    "name": "Guilherme Ferreira Silva",
    "balance": 2154
  },
  {
    "lastModified": "2020-11-01T18:29:58.683Z",
    "_id": "5f9ed7628ae7e94b588eb39f",
    "agencia": 25,
    "conta": 3005,
    "name": "Mario Augusto Fernandes",
    "balance": 456
  },
  {
    "lastModified": "2020-11-01T18:29:58.683Z",
    "_id": "5f9ed7628ae7e94b588eb3a0",
    "agencia": 25,
    "conta": 3006,
    "name": "Luis Eduardo Ferreira",
    "balance": 981
  },
  {
    "lastModified": "2020-11-01T18:29:58.683Z",
    "_id": "5f9ed7628ae7e94b588eb3a1",
    "agencia": 25,
    "conta": 3007,
    "name": "Claudia Ferreira Garcia",
    "balance": 854
  },
  {
    "lastModified": "2020-11-01T18:29:58.683Z",
    "_id": "5f9ed7628ae7e94b588eb3a2",
    "agencia": 25,
    "conta": 3008,
    "name": "Wagner Silva e Silva",
    "balance": 568
  },
  {
    "lastModified": "2020-11-01T18:29:58.683Z",
    "_id": "5f9ed7628ae7e94b588eb3a3",
    "agencia": 25,
    "conta": 3009,
    "name": "Daniel Henrique Gomes",
    "balance": 548
  },
  {
    "lastModified": "2020-11-01T18:29:58.683Z",
    "_id": "5f9ed7628ae7e94b588eb3a4",
    "agencia": 25,
    "conta": 3010,
    "name": "Lucas Cavalcanti Gonçalves",
    "balance": 474
  },
  {
    "lastModified": "2020-11-01T18:29:58.683Z",
    "_id": "5f9ed7628ae7e94b588eb3a5",
    "agencia": 25,
    "conta": 3011,
    "name": "Thiago Oliveira Lima",
    "balance": 658
  },
  {
    "lastModified": "2020-11-01T18:29:58.683Z",
    "_id": "5f9ed7628ae7e94b588eb3a6",
    "agencia": 25,
    "conta": 3012,
    "name": "Rogeiro Olveira Lopes",
    "balance": 125
  },
  {
    "lastModified": "2020-11-01T18:29:58.683Z",
    "_id": "5f9ed7628ae7e94b588eb3a7",
    "agencia": 25,
    "conta": 3013,
    "name": "Carlos Moniz Machado",
    "balance": 365
  },
  {
    "lastModified": "2020-11-01T18:29:58.683Z",
    "_id": "5f9ed7628ae7e94b588eb3a8",
    "agencia": 25,
    "conta": 3014,
    "name": "Rafael Henrique Marques",
    "balance": 489
  },
  {
    "lastModified": "2020-11-01T18:29:58.683Z",
    "_id": "5f9ed7628ae7e94b588eb3a9",
    "agencia": 25,
    "conta": 3015,
    "name": "Maira Imai Marques",
    "balance": 965
  },
  {
    "lastModified": "2020-11-01T18:29:58.683Z",
    "_id": "5f9ed7628ae7e94b588eb3aa",
    "agencia": 25,
    "conta": 3016,
    "name": "Lucas Portugal Vieira",
    "balance": 236
  },
  {
    "lastModified": "2020-11-01T18:29:58.683Z",
    "_id": "5f9ed7628ae7e94b588eb3ab",
    "agencia": 25,
    "conta": 3017,
    "name": "Gustavo Teixeira",
    "balance": 452
  },
  {
    "lastModified": "2020-11-01T18:29:58.683Z",
    "_id": "5f9ed7628ae7e94b588eb3ac",
    "agencia": 25,
    "conta": 3018,
    "name": "Cristina Souza",
    "balance": 986
  },
  {
    "lastModified": "2020-11-01T18:29:58.683Z",
    "_id": "5f9ed7628ae7e94b588eb3ad",
    "agencia": 25,
    "conta": 3019,
    "name": "Ana Marta Soares",
    "balance": 698
  },
  {
    "lastModified": "2020-11-01T18:29:58.683Z",
    "_id": "5f9ed7628ae7e94b588eb3ae",
    "agencia": 25,
    "conta": 3020,
    "name": "Ana Maria Santos",
    "balance": 965
  },
  {
    "lastModified": "2020-11-01T18:29:58.683Z",
    "_id": "5f9ed7628ae7e94b588eb3af",
    "agencia": 25,
    "conta": 3021,
    "name": "Alberto Santana",
    "balance": 452
  },
  {
    "lastModified": "2020-11-01T18:29:58.683Z",
    "_id": "5f9ed7628ae7e94b588eb3b0",
    "agencia": 25,
    "conta": 3022,
    "name": "Felipe Ribeiro",
    "balance": 365
  },
  {
    "lastModified": "2020-11-01T18:29:58.683Z",
    "_id": "5f9ed7628ae7e94b588eb3b1",
    "agencia": 25,
    "conta": 3023,
    "name": "Henrique Bernardo Rocha",
    "balance": 265
  },
  {
    "lastModified": "2020-11-01T18:29:58.683Z",
    "_id": "5f9ed7628ae7e94b588eb3b2",
    "agencia": 25,
    "conta": 3024,
    "name": "Breno Reis",
    "balance": 241
  },
  {
    "lastModified": "2020-11-01T18:29:58.683Z",
    "_id": "5f9ed7628ae7e94b588eb3b3",
    "agencia": 25,
    "conta": 3025,
    "name": "Eduardo Olvieira",
    "balance": 852
  },
  {
    "lastModified": "2020-11-01T18:29:58.683Z",
    "_id": "5f9ed7628ae7e94b588eb3b4",
    "agencia": 25,
    "conta": 3026,
    "name": "Luis Eduardo Ramos",
    "balance": 562
  },
  {
    "lastModified": "2020-11-01T18:29:58.683Z",
    "_id": "5f9ed7628ae7e94b588eb3b5",
    "agencia": 25,
    "conta": 3027,
    "name": "Marcia Pereira",
    "balance": 65
  },
  {
    "lastModified": "2020-11-01T18:29:58.683Z",
    "_id": "5f9ed7628ae7e94b588eb3b6",
    "agencia": 25,
    "conta": 3028,
    "name": "Gabriel Gomes Nascimento",
    "balance": 325
  },
  {
    "lastModified": "2020-11-01T18:29:58.683Z",
    "_id": "5f9ed7628ae7e94b588eb3b7",
    "agencia": 25,
    "conta": 3029,
    "name": "Victor Moura",
    "balance": 965
  },
  {
    "lastModified": "2020-11-01T18:29:58.683Z",
    "_id": "5f9ed7628ae7e94b588eb3b8",
    "agencia": 25,
    "conta": 3030,
    "name": "Ana Maria Silva",
    "balance": 5
  },
  {
    "lastModified": "2020-11-01T18:29:58.683Z",
    "_id": "5f9ed7628ae7e94b588eb3b9",
    "agencia": 47,
    "conta": 2201,
    "name": "Jorge Ivan Jimenez",
    "balance": 36
  },
  {
    "lastModified": "2020-11-01T18:29:58.683Z",
    "_id": "5f9ed7628ae7e94b588eb3ba",
    "agencia": 47,
    "conta": 2202,
    "name": "Pedro Luis Fragoso",
    "balance": 45
  },
  {
    "lastModified": "2020-11-01T18:29:58.683Z",
    "_id": "5f9ed7628ae7e94b588eb3bb",
    "agencia": 47,
    "conta": 2203,
    "name": "Gesiane Leticia Alves",
    "balance": 98
  },
  {
    "lastModified": "2020-11-01T18:29:58.683Z",
    "_id": "5f9ed7628ae7e94b588eb3bc",
    "agencia": 47,
    "conta": 2204,
    "name": "Glaucio de Souza",
    "balance": 1
  },
  {
    "lastModified": "2020-11-01T18:29:58.683Z",
    "_id": "5f9ed7628ae7e94b588eb3bd",
    "agencia": 47,
    "conta": 2205,
    "name": "Richard Greeson",
    "balance": 189
  },
  {
    "lastModified": "2020-11-01T18:29:58.683Z",
    "_id": "5f9ed7628ae7e94b588eb3be",
    "agencia": 47,
    "conta": 2206,
    "name": "Roberto Lopes Ramos",
    "balance": 120
  },
  {
    "lastModified": "2020-11-01T18:29:58.683Z",
    "_id": "5f9ed7628ae7e94b588eb3bf",
    "agencia": 47,
    "conta": 2207,
    "name": "Frederico Saito Rocha Costa",
    "balance": 110
  },
  {
    "lastModified": "2020-11-01T18:29:58.683Z",
    "_id": "5f9ed7628ae7e94b588eb3c0",
    "agencia": 47,
    "conta": 2208,
    "name": "Garin da Silva",
    "balance": 658
  },
  {
    "lastModified": "2020-11-01T18:29:58.683Z",
    "_id": "5f9ed7628ae7e94b588eb3c1",
    "agencia": 47,
    "conta": 2209,
    "name": "Franciele dos Santos Saraiva",
    "balance": 521
  },
  {
    "lastModified": "2020-11-01T18:29:58.683Z",
    "_id": "5f9ed7628ae7e94b588eb3c2",
    "agencia": 47,
    "conta": 2210,
    "name": "Carlos Henrique Soares",
    "balance": 136
  },
  {
    "lastModified": "2020-11-01T18:29:58.683Z",
    "_id": "5f9ed7628ae7e94b588eb3c3",
    "agencia": 47,
    "conta": 2211,
    "name": "Wellington Oliveira Filho",
    "balance": 215
  },
  {
    "lastModified": "2020-11-01T18:29:58.683Z",
    "_id": "5f9ed7628ae7e94b588eb3c4",
    "agencia": 47,
    "conta": 2212,
    "name": "Gabriela da Rosa Bulla",
    "balance": 425
  },
  {
    "lastModified": "2020-11-01T18:29:58.683Z",
    "_id": "5f9ed7628ae7e94b588eb3c5",
    "agencia": 47,
    "conta": 2213,
    "name": "Paola Silva Boff",
    "balance": 452
  },
  {
    "lastModified": "2020-11-01T18:29:58.683Z",
    "_id": "5f9ed7628ae7e94b588eb3c6",
    "agencia": 47,
    "conta": 2214,
    "name": "Bruna Caroline Silva de Castro",
    "balance": 0
  },
  {
    "lastModified": "2020-11-01T18:29:58.683Z",
    "_id": "5f9ed7628ae7e94b588eb3c7",
    "agencia": 47,
    "conta": 2215,
    "name": "Michele Cigolini Pulsy",
    "balance": 452
  },
  {
    "lastModified": "2020-11-01T18:29:58.683Z",
    "_id": "5f9ed7628ae7e94b588eb3c8",
    "agencia": 47,
    "conta": 2216,
    "name": "Eduardo Renan do Nascimento",
    "balance": 235
  },
  {
    "lastModified": "2020-11-01T18:29:58.683Z",
    "_id": "5f9ed7628ae7e94b588eb3c9",
    "agencia": 47,
    "conta": 2217,
    "name": "Julie Martin",
    "balance": 456
  },
  {
    "lastModified": "2020-11-01T18:29:58.683Z",
    "_id": "5f9ed7628ae7e94b588eb3ca",
    "agencia": 47,
    "conta": 2218,
    "name": "Ricardo Antonio Garcia",
    "balance": 987
  },
  {
    "lastModified": "2020-11-01T18:29:58.683Z",
    "_id": "5f9ed7628ae7e94b588eb3cb",
    "agencia": 47,
    "conta": 2219,
    "name": "Belisa Maria de Aguiar",
    "balance": 265
  },
  {
    "lastModified": "2020-11-01T18:29:58.683Z",
    "_id": "5f9ed7628ae7e94b588eb3cc",
    "agencia": 47,
    "conta": 2220,
    "name": "Ariana Pereira",
    "balance": 125
  },
  {
    "lastModified": "2020-11-01T18:29:58.683Z",
    "_id": "5f9ed7628ae7e94b588eb3cd",
    "agencia": 99,
    "conta": 2221,
    "name": "Guilherme Geraldo Aguiar",
    "balance": 3265
  },
  {
    "lastModified": "2020-11-01T18:29:58.683Z",
    "_id": "5f9ed7628ae7e94b588eb3ce",
    "agencia": 47,
    "conta": 2222,
    "name": "Eduardo Renan do Nascimento",
    "balance": 111
  },
  {
    "lastModified": "2020-11-01T18:29:58.683Z",
    "_id": "5f9ed7628ae7e94b588eb3cf",
    "agencia": 47,
    "conta": 2223,
    "name": "Gabriela Camila Silva de Lima",
    "balance": 214
  },
  {
    "lastModified": "2020-11-01T18:29:58.683Z",
    "_id": "5f9ed7628ae7e94b588eb3d0",
    "agencia": 47,
    "conta": 2224,
    "name": "Ana Carolina de Melo Santos",
    "balance": 421
  },
  {
    "lastModified": "2020-11-01T18:29:58.683Z",
    "_id": "5f9ed7628ae7e94b588eb3d1",
    "agencia": 47,
    "conta": 2225,
    "name": "Ana Katia dos Santos Dourado",
    "balance": 652
  },
  {
    "lastModified": "2020-11-01T18:29:58.683Z",
    "_id": "5f9ed7628ae7e94b588eb3d2",
    "agencia": 47,
    "conta": 2226,
    "name": "Mauricio Jose da Silva",
    "balance": 326
  },
  {
    "lastModified": "2020-11-01T18:29:58.683Z",
    "_id": "5f9ed7628ae7e94b588eb3d3",
    "agencia": 47,
    "conta": 2227,
    "name": "Ana Paula Sena Silva",
    "balance": 325
  },
  {
    "lastModified": "2020-11-01T18:29:58.683Z",
    "_id": "5f9ed7628ae7e94b588eb3d4",
    "agencia": 47,
    "conta": 2228,
    "name": "Maria Eduarda de Jesus Santos",
    "balance": 253
  },
  {
    "lastModified": "2020-11-01T18:29:58.683Z",
    "_id": "5f9ed7628ae7e94b588eb3d5",
    "agencia": 47,
    "conta": 2229,
    "name": "Angela Cardozo da Silva",
    "balance": 523
  },
  {
    "lastModified": "2020-11-01T18:29:58.683Z",
    "_id": "5f9ed7628ae7e94b588eb3d6",
    "agencia": 47,
    "conta": 2230,
    "name": "Ariadne Fernanda de Freitas",
    "balance": 587
  },
  {
    "lastModified": "2020-11-01T18:29:58.683Z",
    "_id": "5f9ed7628ae7e94b588eb3d8",
    "agencia": 33,
    "conta": 9102,
    "name": "Bruno Alvares",
    "balance": 804
  },
  {
    "lastModified": "2020-11-01T18:29:58.683Z",
    "_id": "5f9ed7628ae7e94b588eb3d9",
    "agencia": 33,
    "conta": 9103,
    "name": "Marcelo Santos da Silva",
    "balance": 256
  },
  {
    "lastModified": "2020-11-01T18:29:58.683Z",
    "_id": "5f9ed7628ae7e94b588eb3da",
    "agencia": 33,
    "conta": 9104,
    "name": "Utai Oliveira",
    "balance": 125
  },
  {
    "lastModified": "2020-11-01T18:29:58.683Z",
    "_id": "5f9ed7628ae7e94b588eb3db",
    "agencia": 33,
    "conta": 9105,
    "name": "Priscila Milagres Godinho",
    "balance": 145
  },
  {
    "lastModified": "2020-11-01T18:29:58.683Z",
    "_id": "5f9ed7628ae7e94b588eb3dc",
    "agencia": 33,
    "conta": 9106,
    "name": "Paulo Dias Macedo Neto",
    "balance": 941
  },
  {
    "lastModified": "2020-11-01T18:29:58.683Z",
    "_id": "5f9ed7628ae7e94b588eb3dd",
    "agencia": 33,
    "conta": 9107,
    "name": "Flavio Luis Moreira Pereira",
    "balance": 854
  },
  {
    "lastModified": "2020-11-01T18:29:58.683Z",
    "_id": "5f9ed7628ae7e94b588eb3de",
    "agencia": 33,
    "conta": 9108,
    "name": "Arthur Marcos Calazans Belo",
    "balance": 456
  },
  {
    "lastModified": "2020-11-01T18:29:58.683Z",
    "_id": "5f9ed7628ae7e94b588eb3df",
    "agencia": 33,
    "conta": 9109,
    "name": "Ana Carolina de Melo Santos",
    "balance": 874
  },
  {
    "lastModified": "2020-11-01T18:29:58.683Z",
    "_id": "5f9ed7628ae7e94b588eb3e0",
    "agencia": 33,
    "conta": 9110,
    "name": "Ricardo Camacho",
    "balance": 90
  },
  {
    "lastModified": "2020-11-01T18:29:58.683Z",
    "_id": "5f9ed7628ae7e94b588eb3e1",
    "agencia": 33,
    "conta": 9111,
    "name": "Thiago Menezes",
    "balance": 65
  },
  {
    "lastModified": "2020-11-01T18:29:58.683Z",
    "_id": "5f9ed7628ae7e94b588eb3e2",
    "agencia": 33,
    "conta": 9112,
    "name": "Luis Fernando Toscani",
    "balance": 45
  },
  {
    "lastModified": "2020-11-01T18:29:58.683Z",
    "_id": "5f9ed7628ae7e94b588eb3e3",
    "agencia": 33,
    "conta": 9113,
    "name": "Ingrid Martinez Martins",
    "balance": 22
  },
  {
    "lastModified": "2020-11-01T18:29:58.683Z",
    "_id": "5f9ed7628ae7e94b588eb3e4",
    "agencia": 33,
    "conta": 9114,
    "name": "Itamir Carvalho Junior",
    "balance": 42
  },
  {
    "lastModified": "2020-11-01T18:29:58.683Z",
    "_id": "5f9ed7628ae7e94b588eb3e5",
    "agencia": 33,
    "conta": 9115,
    "name": "Gabriela Correa Alves",
    "balance": 125
  },
  {
    "lastModified": "2020-11-01T18:29:58.683Z",
    "_id": "5f9ed7628ae7e94b588eb3e6",
    "agencia": 33,
    "conta": 9116,
    "name": "Vander Lucio Siqueira",
    "balance": 965
  },
  {
    "lastModified": "2020-11-01T18:29:58.683Z",
    "_id": "5f9ed7628ae7e94b588eb3e7",
    "agencia": 33,
    "conta": 9117,
    "name": "Taisa Viturino da Silva",
    "balance": 745
  },
  {
    "lastModified": "2020-11-01T18:29:58.683Z",
    "_id": "5f9ed7628ae7e94b588eb3e8",
    "agencia": 33,
    "conta": 9118,
    "name": "Norberto Gustavo da Costa",
    "balance": 895
  },
  {
    "lastModified": "2020-11-01T18:29:58.683Z",
    "_id": "5f9ed7628ae7e94b588eb3e9",
    "agencia": 33,
    "conta": 9119,
    "name": "Vanessa do Carmo Martins",
    "balance": 961
  },
  {
    "lastModified": "2020-11-01T18:29:58.683Z",
    "_id": "5f9ed7628ae7e94b588eb3ea",
    "agencia": 33,
    "conta": 9120,
    "name": "Rosa Maria Sandoval",
    "balance": 985
  },
  {
    "lastModified": "2020-11-01T18:29:58.683Z",
    "_id": "5f9ed7628ae7e94b588eb3eb",
    "agencia": 33,
    "conta": 9121,
    "name": "Brunno Leonardo Melo de Oliveira",
    "balance": 568
  },
  {
    "lastModified": "2020-11-01T18:29:58.683Z",
    "_id": "5f9ed7628ae7e94b588eb3ec",
    "agencia": 33,
    "conta": 9122,
    "name": "Raissa de Almeida Lima",
    "balance": 875
  },
  {
    "lastModified": "2020-11-01T18:29:58.683Z",
    "_id": "5f9ed7628ae7e94b588eb3ed",
    "agencia": 99,
    "conta": 9123,
    "name": "Glaucio de Souza",
    "balance": 2354
  },
  {
    "lastModified": "2020-11-01T18:29:58.683Z",
    "_id": "5f9ed7628ae7e94b588eb3ee",
    "agencia": 33,
    "conta": 9124,
    "name": "Julio Cezar Santos",
    "balance": 56
  },
  {
    "lastModified": "2020-11-01T18:29:58.683Z",
    "_id": "5f9ed7628ae7e94b588eb3ef",
    "agencia": 33,
    "conta": 9125,
    "name": "Danilo de Souza",
    "balance": 98
  },
  {
    "lastModified": "2020-11-01T18:29:58.683Z",
    "_id": "5f9ed7628ae7e94b588eb3f0",
    "agencia": 33,
    "conta": 9126,
    "name": "Diego Luiz Siqueira Teixeira",
    "balance": 89
  },
  {
    "lastModified": "2020-11-01T18:29:58.683Z",
    "_id": "5f9ed7628ae7e94b588eb3f1",
    "agencia": 33,
    "conta": 9127,
    "name": "Ariana de Cesare Pereira",
    "balance": 126
  },
  {
    "lastModified": "2020-11-01T18:29:58.683Z",
    "_id": "5f9ed7628ae7e94b588eb3f2",
    "agencia": 33,
    "conta": 9128,
    "name": "Eduardo Renan Ferreira",
    "balance": 658
  },
  {
    "lastModified": "2020-11-01T18:29:58.683Z",
    "_id": "5f9ed7628ae7e94b588eb3f3",
    "agencia": 33,
    "conta": 9129,
    "name": "Nivaldo Soares do Santos",
    "balance": 754
  },
  {
    "lastModified": "2020-11-01T18:29:58.683Z",
    "_id": "5f9ed7628ae7e94b588eb3f4",
    "agencia": 33,
    "conta": 9130,
    "name": "Moises Castillo",
    "balance": 857
  }
]
2020-11-01T18:30:36.163Z [my-bank-api] info: GET /accounts [
  {
    "lastModified": "2020-11-01T18:30:27.560Z",
    "_id": "5f9ed7628ae7e94b588eb37d",
    "agencia": 10,
    "conta": 1001,
    "name": "Maria Roberta Fernandes",
    "balance": 587
  },
  {
    "lastModified": "2020-11-01T18:30:27.560Z",
    "_id": "5f9ed7628ae7e94b588eb37e",
    "agencia": 10,
    "conta": 1002,
    "name": "Gustavo Falcao Oliveira",
    "balance": 396
  },
  {
    "lastModified": "2020-11-01T18:30:27.560Z",
    "_id": "5f9ed7628ae7e94b588eb37f",
    "agencia": 10,
    "conta": 1003,
    "name": "Fernando Carlos Silva",
    "balance": 500
  },
  {
    "lastModified": "2020-11-01T18:30:27.560Z",
    "_id": "5f9ed7628ae7e94b588eb380",
    "agencia": 10,
    "conta": 1004,
    "name": "Aline Batista Bernardes",
    "balance": 321
  },
  {
    "lastModified": "2020-11-01T18:30:27.560Z",
    "_id": "5f9ed7628ae7e94b588eb381",
    "agencia": 10,
    "conta": 1005,
    "name": "Ivo Jose da Costa",
    "balance": 987
  },
  {
    "lastModified": "2020-11-01T18:30:27.560Z",
    "_id": "5f9ed7628ae7e94b588eb382",
    "agencia": 10,
    "conta": 1006,
    "name": "Carlos Eduardo Lino",
    "balance": 3
  },
  {
    "lastModified": "2020-11-01T18:30:27.560Z",
    "_id": "5f9ed7628ae7e94b588eb383",
    "agencia": 10,
    "conta": 1007,
    "name": "Henrique Santos Ferreira",
    "balance": 505
  },
  {
    "lastModified": "2020-11-01T18:30:27.560Z",
    "_id": "5f9ed7628ae7e94b588eb384",
    "agencia": 10,
    "conta": 1008,
    "name": "Priscila Alves da Cunha",
    "balance": 1
  },
  {
    "lastModified": "2020-11-01T18:30:27.560Z",
    "_id": "5f9ed7628ae7e94b588eb385",
    "agencia": 10,
    "conta": 1009,
    "name": "Luis Eduardo Nunes",
    "balance": 658
  },
  {
    "lastModified": "2020-11-01T18:30:27.560Z",
    "_id": "5f9ed7628ae7e94b588eb386",
    "agencia": 10,
    "conta": 1010,
    "name": "Silvana Souto Costa",
    "balance": 1023
  },
  {
    "lastModified": "2020-11-01T18:30:27.560Z",
    "_id": "5f9ed7628ae7e94b588eb387",
    "agencia": 10,
    "conta": 1011,
    "name": "Julia Maria Alves",
    "balance": 985
  },
  {
    "lastModified": "2020-11-01T18:30:27.560Z",
    "_id": "5f9ed7628ae7e94b588eb388",
    "agencia": 10,
    "conta": 1012,
    "name": "Bernardo Almeida Alves",
    "balance": 842
  },
  {
    "lastModified": "2020-11-01T18:30:27.560Z",
    "_id": "5f9ed7628ae7e94b588eb389",
    "agencia": 10,
    "conta": 1013,
    "name": "Lucas Andrade Barbosa",
    "balance": 753
  },
  {
    "lastModified": "2020-11-01T18:30:27.560Z",
    "_id": "5f9ed7628ae7e94b588eb38a",
    "agencia": 10,
    "conta": 1014,
    "name": "Fernanda Barbosa Ferreira",
    "balance": 951
  },
  {
    "lastModified": "2020-11-01T18:30:27.560Z",
    "_id": "5f9ed7628ae7e94b588eb38b",
    "agencia": 10,
    "conta": 1015,
    "name": "Caroline Aparecida da Cunha",
    "balance": 126
  },
  {
    "lastModified": "2020-11-01T18:30:27.560Z",
    "_id": "5f9ed7628ae7e94b588eb38c",
    "agencia": 10,
    "conta": 1016,
    "name": "Ivo Barros",
    "balance": 324
  },
  {
    "lastModified": "2020-11-01T18:30:27.560Z",
    "_id": "5f9ed7628ae7e94b588eb38d",
    "agencia": 10,
    "conta": 1017,
    "name": "Augusto Batista",
    "balance": 168
  },
  {
    "lastModified": "2020-11-01T18:30:27.560Z",
    "_id": "5f9ed7628ae7e94b588eb38e",
    "agencia": 10,
    "conta": 1018,
    "name": "Vania Borges Moreira",
    "balance": 1134
  },
  {
    "lastModified": "2020-11-01T18:30:27.560Z",
    "_id": "5f9ed7628ae7e94b588eb38f",
    "agencia": 10,
    "conta": 1019,
    "name": "Valdete Macedo Souto",
    "balance": 426
  },
  {
    "lastModified": "2020-11-01T18:30:27.560Z",
    "_id": "5f9ed7628ae7e94b588eb390",
    "agencia": 10,
    "conta": 1020,
    "name": "Jose Luis Borges",
    "balance": 153
  },
  {
    "lastModified": "2020-11-01T18:30:27.560Z",
    "_id": "5f9ed7628ae7e94b588eb391",
    "agencia": 10,
    "conta": 1021,
    "name": "Marcelo Campos",
    "balance": 854
  },
  {
    "lastModified": "2020-11-01T18:30:27.560Z",
    "_id": "5f9ed7628ae7e94b588eb392",
    "agencia": 10,
    "conta": 1022,
    "name": "Pedro Augusto Cardoso",
    "balance": 651
  },
  {
    "lastModified": "2020-11-01T18:30:27.560Z",
    "_id": "5f9ed7628ae7e94b588eb393",
    "agencia": 10,
    "conta": 1023,
    "name": "Brena Martinho Carvalho ",
    "balance": 358
  },
  {
    "lastModified": "2020-11-01T18:30:27.560Z",
    "_id": "5f9ed7628ae7e94b588eb394",
    "agencia": 10,
    "conta": 1024,
    "name": "Pedro Castro",
    "balance": 1985
  },
  {
    "lastModified": "2020-11-01T18:30:27.560Z",
    "_id": "5f9ed7628ae7e94b588eb395",
    "agencia": 10,
    "conta": 1025,
    "name": "Camila Santini Costa",
    "balance": 1874
  },
  {
    "lastModified": "2020-11-01T18:30:27.560Z",
    "_id": "5f9ed7628ae7e94b588eb396",
    "agencia": 10,
    "conta": 1026,
    "name": "Alessandra Albergaria Dias",
    "balance": 1254
  },
  {
    "lastModified": "2020-11-01T18:30:27.560Z",
    "_id": "5f9ed7628ae7e94b588eb397",
    "agencia": 99,
    "conta": 1027,
    "name": "Giovanna Silva Dias",
    "balance": 9852
  },
  {
    "lastModified": "2020-11-01T18:30:27.560Z",
    "_id": "5f9ed7628ae7e94b588eb398",
    "agencia": 10,
    "conta": 1028,
    "name": "Maria Fernanda Gomes",
    "balance": 45
  },
  {
    "lastModified": "2020-11-01T18:30:27.560Z",
    "_id": "5f9ed7628ae7e94b588eb399",
    "agencia": 10,
    "conta": 1029,
    "name": "Maria Luiza Nunes",
    "balance": 658
  },
  {
    "lastModified": "2020-11-01T18:30:27.560Z",
    "_id": "5f9ed7628ae7e94b588eb39a",
    "agencia": 10,
    "conta": 1030,
    "name": "Luiza Duarte",
    "balance": 452
  },
  {
    "lastModified": "2020-11-01T18:30:27.560Z",
    "_id": "5f9ed7628ae7e94b588eb39b",
    "agencia": 25,
    "conta": 3001,
    "name": "Roberta Nunes",
    "balance": 458
  },
  {
    "lastModified": "2020-11-01T18:30:27.560Z",
    "_id": "5f9ed7628ae7e94b588eb39c",
    "agencia": 25,
    "conta": 3002,
    "name": "Roberta Miranda",
    "balance": 985
  },
  {
    "lastModified": "2020-11-01T18:30:27.560Z",
    "_id": "5f9ed7628ae7e94b588eb39d",
    "agencia": 99,
    "conta": 3003,
    "name": "Guilherme Zanin Freitas",
    "balance": 3265
  },
  {
    "lastModified": "2020-11-01T18:30:27.560Z",
    "_id": "5f9ed7628ae7e94b588eb39e",
    "agencia": 25,
    "conta": 3004,
    "name": "Guilherme Ferreira Silva",
    "balance": 2154
  },
  {
    "lastModified": "2020-11-01T18:30:27.560Z",
    "_id": "5f9ed7628ae7e94b588eb39f",
    "agencia": 25,
    "conta": 3005,
    "name": "Mario Augusto Fernandes",
    "balance": 456
  },
  {
    "lastModified": "2020-11-01T18:30:27.560Z",
    "_id": "5f9ed7628ae7e94b588eb3a0",
    "agencia": 25,
    "conta": 3006,
    "name": "Luis Eduardo Ferreira",
    "balance": 981
  },
  {
    "lastModified": "2020-11-01T18:30:27.560Z",
    "_id": "5f9ed7628ae7e94b588eb3a1",
    "agencia": 25,
    "conta": 3007,
    "name": "Claudia Ferreira Garcia",
    "balance": 854
  },
  {
    "lastModified": "2020-11-01T18:30:27.560Z",
    "_id": "5f9ed7628ae7e94b588eb3a2",
    "agencia": 25,
    "conta": 3008,
    "name": "Wagner Silva e Silva",
    "balance": 568
  },
  {
    "lastModified": "2020-11-01T18:30:27.560Z",
    "_id": "5f9ed7628ae7e94b588eb3a3",
    "agencia": 25,
    "conta": 3009,
    "name": "Daniel Henrique Gomes",
    "balance": 548
  },
  {
    "lastModified": "2020-11-01T18:30:27.560Z",
    "_id": "5f9ed7628ae7e94b588eb3a4",
    "agencia": 25,
    "conta": 3010,
    "name": "Lucas Cavalcanti Gonçalves",
    "balance": 474
  },
  {
    "lastModified": "2020-11-01T18:30:27.560Z",
    "_id": "5f9ed7628ae7e94b588eb3a5",
    "agencia": 25,
    "conta": 3011,
    "name": "Thiago Oliveira Lima",
    "balance": 658
  },
  {
    "lastModified": "2020-11-01T18:30:27.560Z",
    "_id": "5f9ed7628ae7e94b588eb3a6",
    "agencia": 25,
    "conta": 3012,
    "name": "Rogeiro Olveira Lopes",
    "balance": 125
  },
  {
    "lastModified": "2020-11-01T18:30:27.560Z",
    "_id": "5f9ed7628ae7e94b588eb3a7",
    "agencia": 25,
    "conta": 3013,
    "name": "Carlos Moniz Machado",
    "balance": 365
  },
  {
    "lastModified": "2020-11-01T18:30:27.560Z",
    "_id": "5f9ed7628ae7e94b588eb3a8",
    "agencia": 25,
    "conta": 3014,
    "name": "Rafael Henrique Marques",
    "balance": 489
  },
  {
    "lastModified": "2020-11-01T18:30:27.560Z",
    "_id": "5f9ed7628ae7e94b588eb3a9",
    "agencia": 25,
    "conta": 3015,
    "name": "Maira Imai Marques",
    "balance": 965
  },
  {
    "lastModified": "2020-11-01T18:30:27.560Z",
    "_id": "5f9ed7628ae7e94b588eb3aa",
    "agencia": 25,
    "conta": 3016,
    "name": "Lucas Portugal Vieira",
    "balance": 236
  },
  {
    "lastModified": "2020-11-01T18:30:27.560Z",
    "_id": "5f9ed7628ae7e94b588eb3ab",
    "agencia": 25,
    "conta": 3017,
    "name": "Gustavo Teixeira",
    "balance": 452
  },
  {
    "lastModified": "2020-11-01T18:30:27.560Z",
    "_id": "5f9ed7628ae7e94b588eb3ac",
    "agencia": 25,
    "conta": 3018,
    "name": "Cristina Souza",
    "balance": 986
  },
  {
    "lastModified": "2020-11-01T18:30:27.560Z",
    "_id": "5f9ed7628ae7e94b588eb3ad",
    "agencia": 25,
    "conta": 3019,
    "name": "Ana Marta Soares",
    "balance": 698
  },
  {
    "lastModified": "2020-11-01T18:30:27.560Z",
    "_id": "5f9ed7628ae7e94b588eb3ae",
    "agencia": 25,
    "conta": 3020,
    "name": "Ana Maria Santos",
    "balance": 965
  },
  {
    "lastModified": "2020-11-01T18:30:27.560Z",
    "_id": "5f9ed7628ae7e94b588eb3af",
    "agencia": 25,
    "conta": 3021,
    "name": "Alberto Santana",
    "balance": 452
  },
  {
    "lastModified": "2020-11-01T18:30:27.560Z",
    "_id": "5f9ed7628ae7e94b588eb3b0",
    "agencia": 25,
    "conta": 3022,
    "name": "Felipe Ribeiro",
    "balance": 365
  },
  {
    "lastModified": "2020-11-01T18:30:27.560Z",
    "_id": "5f9ed7628ae7e94b588eb3b1",
    "agencia": 25,
    "conta": 3023,
    "name": "Henrique Bernardo Rocha",
    "balance": 265
  },
  {
    "lastModified": "2020-11-01T18:30:27.560Z",
    "_id": "5f9ed7628ae7e94b588eb3b2",
    "agencia": 25,
    "conta": 3024,
    "name": "Breno Reis",
    "balance": 241
  },
  {
    "lastModified": "2020-11-01T18:30:27.560Z",
    "_id": "5f9ed7628ae7e94b588eb3b3",
    "agencia": 25,
    "conta": 3025,
    "name": "Eduardo Olvieira",
    "balance": 852
  },
  {
    "lastModified": "2020-11-01T18:30:27.560Z",
    "_id": "5f9ed7628ae7e94b588eb3b4",
    "agencia": 25,
    "conta": 3026,
    "name": "Luis Eduardo Ramos",
    "balance": 562
  },
  {
    "lastModified": "2020-11-01T18:30:27.560Z",
    "_id": "5f9ed7628ae7e94b588eb3b5",
    "agencia": 25,
    "conta": 3027,
    "name": "Marcia Pereira",
    "balance": 65
  },
  {
    "lastModified": "2020-11-01T18:30:27.560Z",
    "_id": "5f9ed7628ae7e94b588eb3b6",
    "agencia": 25,
    "conta": 3028,
    "name": "Gabriel Gomes Nascimento",
    "balance": 325
  },
  {
    "lastModified": "2020-11-01T18:30:27.560Z",
    "_id": "5f9ed7628ae7e94b588eb3b7",
    "agencia": 25,
    "conta": 3029,
    "name": "Victor Moura",
    "balance": 965
  },
  {
    "lastModified": "2020-11-01T18:30:27.560Z",
    "_id": "5f9ed7628ae7e94b588eb3b8",
    "agencia": 25,
    "conta": 3030,
    "name": "Ana Maria Silva",
    "balance": 5
  },
  {
    "lastModified": "2020-11-01T18:30:27.560Z",
    "_id": "5f9ed7628ae7e94b588eb3b9",
    "agencia": 47,
    "conta": 2201,
    "name": "Jorge Ivan Jimenez",
    "balance": 36
  },
  {
    "lastModified": "2020-11-01T18:30:27.560Z",
    "_id": "5f9ed7628ae7e94b588eb3ba",
    "agencia": 47,
    "conta": 2202,
    "name": "Pedro Luis Fragoso",
    "balance": 45
  },
  {
    "lastModified": "2020-11-01T18:30:27.560Z",
    "_id": "5f9ed7628ae7e94b588eb3bb",
    "agencia": 47,
    "conta": 2203,
    "name": "Gesiane Leticia Alves",
    "balance": 98
  },
  {
    "lastModified": "2020-11-01T18:30:27.560Z",
    "_id": "5f9ed7628ae7e94b588eb3bc",
    "agencia": 47,
    "conta": 2204,
    "name": "Glaucio de Souza",
    "balance": 1
  },
  {
    "lastModified": "2020-11-01T18:30:27.560Z",
    "_id": "5f9ed7628ae7e94b588eb3bd",
    "agencia": 47,
    "conta": 2205,
    "name": "Richard Greeson",
    "balance": 189
  },
  {
    "lastModified": "2020-11-01T18:30:27.560Z",
    "_id": "5f9ed7628ae7e94b588eb3be",
    "agencia": 47,
    "conta": 2206,
    "name": "Roberto Lopes Ramos",
    "balance": 120
  },
  {
    "lastModified": "2020-11-01T18:30:27.560Z",
    "_id": "5f9ed7628ae7e94b588eb3bf",
    "agencia": 47,
    "conta": 2207,
    "name": "Frederico Saito Rocha Costa",
    "balance": 110
  },
  {
    "lastModified": "2020-11-01T18:30:27.560Z",
    "_id": "5f9ed7628ae7e94b588eb3c0",
    "agencia": 47,
    "conta": 2208,
    "name": "Garin da Silva",
    "balance": 658
  },
  {
    "lastModified": "2020-11-01T18:30:27.560Z",
    "_id": "5f9ed7628ae7e94b588eb3c1",
    "agencia": 47,
    "conta": 2209,
    "name": "Franciele dos Santos Saraiva",
    "balance": 521
  },
  {
    "lastModified": "2020-11-01T18:30:27.560Z",
    "_id": "5f9ed7628ae7e94b588eb3c2",
    "agencia": 47,
    "conta": 2210,
    "name": "Carlos Henrique Soares",
    "balance": 136
  },
  {
    "lastModified": "2020-11-01T18:30:27.560Z",
    "_id": "5f9ed7628ae7e94b588eb3c3",
    "agencia": 47,
    "conta": 2211,
    "name": "Wellington Oliveira Filho",
    "balance": 215
  },
  {
    "lastModified": "2020-11-01T18:30:27.560Z",
    "_id": "5f9ed7628ae7e94b588eb3c4",
    "agencia": 47,
    "conta": 2212,
    "name": "Gabriela da Rosa Bulla",
    "balance": 425
  },
  {
    "lastModified": "2020-11-01T18:30:27.560Z",
    "_id": "5f9ed7628ae7e94b588eb3c5",
    "agencia": 47,
    "conta": 2213,
    "name": "Paola Silva Boff",
    "balance": 452
  },
  {
    "lastModified": "2020-11-01T18:30:27.560Z",
    "_id": "5f9ed7628ae7e94b588eb3c6",
    "agencia": 47,
    "conta": 2214,
    "name": "Bruna Caroline Silva de Castro",
    "balance": 0
  },
  {
    "lastModified": "2020-11-01T18:30:27.560Z",
    "_id": "5f9ed7628ae7e94b588eb3c7",
    "agencia": 47,
    "conta": 2215,
    "name": "Michele Cigolini Pulsy",
    "balance": 452
  },
  {
    "lastModified": "2020-11-01T18:30:27.560Z",
    "_id": "5f9ed7628ae7e94b588eb3c8",
    "agencia": 47,
    "conta": 2216,
    "name": "Eduardo Renan do Nascimento",
    "balance": 235
  },
  {
    "lastModified": "2020-11-01T18:30:27.560Z",
    "_id": "5f9ed7628ae7e94b588eb3c9",
    "agencia": 47,
    "conta": 2217,
    "name": "Julie Martin",
    "balance": 456
  },
  {
    "lastModified": "2020-11-01T18:30:27.560Z",
    "_id": "5f9ed7628ae7e94b588eb3ca",
    "agencia": 47,
    "conta": 2218,
    "name": "Ricardo Antonio Garcia",
    "balance": 987
  },
  {
    "lastModified": "2020-11-01T18:30:27.560Z",
    "_id": "5f9ed7628ae7e94b588eb3cb",
    "agencia": 47,
    "conta": 2219,
    "name": "Belisa Maria de Aguiar",
    "balance": 265
  },
  {
    "lastModified": "2020-11-01T18:30:27.560Z",
    "_id": "5f9ed7628ae7e94b588eb3cc",
    "agencia": 47,
    "conta": 2220,
    "name": "Ariana Pereira",
    "balance": 125
  },
  {
    "lastModified": "2020-11-01T18:30:27.560Z",
    "_id": "5f9ed7628ae7e94b588eb3cd",
    "agencia": 99,
    "conta": 2221,
    "name": "Guilherme Geraldo Aguiar",
    "balance": 3265
  },
  {
    "lastModified": "2020-11-01T18:30:27.560Z",
    "_id": "5f9ed7628ae7e94b588eb3ce",
    "agencia": 47,
    "conta": 2222,
    "name": "Eduardo Renan do Nascimento",
    "balance": 111
  },
  {
    "lastModified": "2020-11-01T18:30:27.560Z",
    "_id": "5f9ed7628ae7e94b588eb3cf",
    "agencia": 47,
    "conta": 2223,
    "name": "Gabriela Camila Silva de Lima",
    "balance": 214
  },
  {
    "lastModified": "2020-11-01T18:30:27.560Z",
    "_id": "5f9ed7628ae7e94b588eb3d0",
    "agencia": 47,
    "conta": 2224,
    "name": "Ana Carolina de Melo Santos",
    "balance": 421
  },
  {
    "lastModified": "2020-11-01T18:30:27.560Z",
    "_id": "5f9ed7628ae7e94b588eb3d1",
    "agencia": 47,
    "conta": 2225,
    "name": "Ana Katia dos Santos Dourado",
    "balance": 652
  },
  {
    "lastModified": "2020-11-01T18:30:27.560Z",
    "_id": "5f9ed7628ae7e94b588eb3d2",
    "agencia": 47,
    "conta": 2226,
    "name": "Mauricio Jose da Silva",
    "balance": 326
  },
  {
    "lastModified": "2020-11-01T18:30:27.560Z",
    "_id": "5f9ed7628ae7e94b588eb3d3",
    "agencia": 47,
    "conta": 2227,
    "name": "Ana Paula Sena Silva",
    "balance": 325
  },
  {
    "lastModified": "2020-11-01T18:30:27.560Z",
    "_id": "5f9ed7628ae7e94b588eb3d4",
    "agencia": 47,
    "conta": 2228,
    "name": "Maria Eduarda de Jesus Santos",
    "balance": 253
  },
  {
    "lastModified": "2020-11-01T18:30:27.560Z",
    "_id": "5f9ed7628ae7e94b588eb3d5",
    "agencia": 47,
    "conta": 2229,
    "name": "Angela Cardozo da Silva",
    "balance": 523
  },
  {
    "lastModified": "2020-11-01T18:30:27.560Z",
    "_id": "5f9ed7628ae7e94b588eb3d6",
    "agencia": 47,
    "conta": 2230,
    "name": "Ariadne Fernanda de Freitas",
    "balance": 587
  },
  {
    "lastModified": "2020-11-01T18:30:27.560Z",
    "_id": "5f9ed7628ae7e94b588eb3d8",
    "agencia": 33,
    "conta": 9102,
    "name": "Bruno Alvares",
    "balance": 804
  },
  {
    "lastModified": "2020-11-01T18:30:27.560Z",
    "_id": "5f9ed7628ae7e94b588eb3d9",
    "agencia": 33,
    "conta": 9103,
    "name": "Marcelo Santos da Silva",
    "balance": 256
  },
  {
    "lastModified": "2020-11-01T18:30:27.560Z",
    "_id": "5f9ed7628ae7e94b588eb3da",
    "agencia": 33,
    "conta": 9104,
    "name": "Utai Oliveira",
    "balance": 125
  },
  {
    "lastModified": "2020-11-01T18:30:27.560Z",
    "_id": "5f9ed7628ae7e94b588eb3db",
    "agencia": 33,
    "conta": 9105,
    "name": "Priscila Milagres Godinho",
    "balance": 145
  },
  {
    "lastModified": "2020-11-01T18:30:27.560Z",
    "_id": "5f9ed7628ae7e94b588eb3dc",
    "agencia": 33,
    "conta": 9106,
    "name": "Paulo Dias Macedo Neto",
    "balance": 941
  },
  {
    "lastModified": "2020-11-01T18:30:27.560Z",
    "_id": "5f9ed7628ae7e94b588eb3dd",
    "agencia": 33,
    "conta": 9107,
    "name": "Flavio Luis Moreira Pereira",
    "balance": 854
  },
  {
    "lastModified": "2020-11-01T18:30:27.560Z",
    "_id": "5f9ed7628ae7e94b588eb3de",
    "agencia": 33,
    "conta": 9108,
    "name": "Arthur Marcos Calazans Belo",
    "balance": 456
  },
  {
    "lastModified": "2020-11-01T18:30:27.560Z",
    "_id": "5f9ed7628ae7e94b588eb3df",
    "agencia": 33,
    "conta": 9109,
    "name": "Ana Carolina de Melo Santos",
    "balance": 874
  },
  {
    "lastModified": "2020-11-01T18:30:27.560Z",
    "_id": "5f9ed7628ae7e94b588eb3e0",
    "agencia": 33,
    "conta": 9110,
    "name": "Ricardo Camacho",
    "balance": 90
  },
  {
    "lastModified": "2020-11-01T18:30:27.560Z",
    "_id": "5f9ed7628ae7e94b588eb3e1",
    "agencia": 33,
    "conta": 9111,
    "name": "Thiago Menezes",
    "balance": 65
  },
  {
    "lastModified": "2020-11-01T18:30:27.560Z",
    "_id": "5f9ed7628ae7e94b588eb3e2",
    "agencia": 33,
    "conta": 9112,
    "name": "Luis Fernando Toscani",
    "balance": 45
  },
  {
    "lastModified": "2020-11-01T18:30:27.560Z",
    "_id": "5f9ed7628ae7e94b588eb3e3",
    "agencia": 33,
    "conta": 9113,
    "name": "Ingrid Martinez Martins",
    "balance": 22
  },
  {
    "lastModified": "2020-11-01T18:30:27.560Z",
    "_id": "5f9ed7628ae7e94b588eb3e4",
    "agencia": 33,
    "conta": 9114,
    "name": "Itamir Carvalho Junior",
    "balance": 42
  },
  {
    "lastModified": "2020-11-01T18:30:27.560Z",
    "_id": "5f9ed7628ae7e94b588eb3e5",
    "agencia": 33,
    "conta": 9115,
    "name": "Gabriela Correa Alves",
    "balance": 125
  },
  {
    "lastModified": "2020-11-01T18:30:27.560Z",
    "_id": "5f9ed7628ae7e94b588eb3e6",
    "agencia": 33,
    "conta": 9116,
    "name": "Vander Lucio Siqueira",
    "balance": 965
  },
  {
    "lastModified": "2020-11-01T18:30:27.560Z",
    "_id": "5f9ed7628ae7e94b588eb3e7",
    "agencia": 33,
    "conta": 9117,
    "name": "Taisa Viturino da Silva",
    "balance": 745
  },
  {
    "lastModified": "2020-11-01T18:30:27.560Z",
    "_id": "5f9ed7628ae7e94b588eb3e8",
    "agencia": 33,
    "conta": 9118,
    "name": "Norberto Gustavo da Costa",
    "balance": 895
  },
  {
    "lastModified": "2020-11-01T18:30:27.560Z",
    "_id": "5f9ed7628ae7e94b588eb3e9",
    "agencia": 33,
    "conta": 9119,
    "name": "Vanessa do Carmo Martins",
    "balance": 961
  },
  {
    "lastModified": "2020-11-01T18:30:27.560Z",
    "_id": "5f9ed7628ae7e94b588eb3ea",
    "agencia": 33,
    "conta": 9120,
    "name": "Rosa Maria Sandoval",
    "balance": 985
  },
  {
    "lastModified": "2020-11-01T18:30:27.560Z",
    "_id": "5f9ed7628ae7e94b588eb3eb",
    "agencia": 33,
    "conta": 9121,
    "name": "Brunno Leonardo Melo de Oliveira",
    "balance": 568
  },
  {
    "lastModified": "2020-11-01T18:30:27.560Z",
    "_id": "5f9ed7628ae7e94b588eb3ec",
    "agencia": 33,
    "conta": 9122,
    "name": "Raissa de Almeida Lima",
    "balance": 875
  },
  {
    "lastModified": "2020-11-01T18:30:27.560Z",
    "_id": "5f9ed7628ae7e94b588eb3ed",
    "agencia": 99,
    "conta": 9123,
    "name": "Glaucio de Souza",
    "balance": 2354
  },
  {
    "lastModified": "2020-11-01T18:30:27.560Z",
    "_id": "5f9ed7628ae7e94b588eb3ee",
    "agencia": 33,
    "conta": 9124,
    "name": "Julio Cezar Santos",
    "balance": 56
  },
  {
    "lastModified": "2020-11-01T18:30:27.560Z",
    "_id": "5f9ed7628ae7e94b588eb3ef",
    "agencia": 33,
    "conta": 9125,
    "name": "Danilo de Souza",
    "balance": 98
  },
  {
    "lastModified": "2020-11-01T18:30:27.560Z",
    "_id": "5f9ed7628ae7e94b588eb3f0",
    "agencia": 33,
    "conta": 9126,
    "name": "Diego Luiz Siqueira Teixeira",
    "balance": 89
  },
  {
    "lastModified": "2020-11-01T18:30:27.560Z",
    "_id": "5f9ed7628ae7e94b588eb3f1",
    "agencia": 33,
    "conta": 9127,
    "name": "Ariana de Cesare Pereira",
    "balance": 126
  },
  {
    "lastModified": "2020-11-01T18:30:27.560Z",
    "_id": "5f9ed7628ae7e94b588eb3f2",
    "agencia": 33,
    "conta": 9128,
    "name": "Eduardo Renan Ferreira",
    "balance": 658
  },
  {
    "lastModified": "2020-11-01T18:30:27.560Z",
    "_id": "5f9ed7628ae7e94b588eb3f3",
    "agencia": 33,
    "conta": 9129,
    "name": "Nivaldo Soares do Santos",
    "balance": 754
  },
  {
    "lastModified": "2020-11-01T18:30:27.560Z",
    "_id": "5f9ed7628ae7e94b588eb3f4",
    "agencia": 33,
    "conta": 9130,
    "name": "Moises Castillo",
    "balance": 857
  }
]
2020-11-01T18:30:47.592Z [my-bank-api] info: PATCH /accounts/deposit {
  "lastModified": "2020-11-01T18:30:27.560Z",
  "_id": "5f9ed7628ae7e94b588eb38e",
  "agencia": 10,
  "conta": 1018,
  "name": "Vania Borges Moreira",
  "balance": 1634
}
2020-11-01T18:30:51.695Z [my-bank-api] error: PATCH /accounts - Saldo Insuficiente.
2020-11-01T18:30:54.235Z [my-bank-api] info: GET /accounts/balance {
  "lastModified": "2020-11-01T18:30:27.560Z",
  "_id": "5f9ed7628ae7e94b588eb3c5",
  "agencia": 47,
  "conta": 2213,
  "name": "Paola Silva Boff",
  "balance": 452
}
2020-11-01T18:30:57.770Z [my-bank-api] error: DELETE /accounts - Não foi possível encontrar a conta ou agência.
2020-11-01T18:31:09.694Z [my-bank-api] info: DELETE /accounts/?agencia=10&conta=1019 28
2020-11-01T18:31:13.796Z [my-bank-api] error: PATCH /accounts - Saldo Insuficiente.
2020-11-01T18:31:27.439Z [my-bank-api] error: PATCH /accounts - Cannot read property 'balance' of null
2020-11-01T18:35:01.383Z [my-bank-api] error: PATCH /accounts - Não foi possível encontrar a conta de origem.
2020-11-01T18:35:07.358Z [my-bank-api] error: PATCH /accounts - Não foi possível encontrar a conta de destino.
2020-11-01T18:35:14.152Z [my-bank-api] error: PATCH /accounts - Não foi possível encontrar a conta de destino.
2020-11-01T18:35:21.274Z [my-bank-api] info: PATCH /accounts/transfer-money-to-account {
  "lastModified": "2020-11-01T18:34:57.228Z",
  "_id": "5f9ed7628ae7e94b588eb38d",
  "agencia": 10,
  "conta": 1017,
  "name": "Augusto Batista",
  "balance": 178
}
2020-11-01T18:35:32.676Z [my-bank-api] info: GET /accounts/balance-avg-of-agency/10 680.2857142857143
2020-11-01T18:35:35.642Z [my-bank-api] error: GET /accounts - agencia is not defined
2020-11-01T18:35:42.971Z [my-bank-api] error: GET /accounts - agencia is not defined
2020-11-01T18:35:47.111Z [my-bank-api] error: GET /accounts - agencia is not defined
2020-11-01T18:36:38.948Z [my-bank-api] info: GET /accounts/accounts-with-smallest-balance/3 [
  {
    "agencia": 47,
    "conta": 2214,
    "balance": 0
  },
  {
    "agencia": 10,
    "conta": 1008,
    "balance": 1
  },
  {
    "agencia": 47,
    "conta": 2204,
    "balance": 1
  }
]
